[20:01:24] [main/INFO]: Loading Minecraft 1.21.10 with Fabric Loader 0.18.2
[20:01:24] [main/INFO]: Loading 4 mods:
	- fabricloader 0.18.2
	   \-- mixinextras 0.5.0
	- java 21
	- minecraft 1.21.10
[20:01:25] [main/INFO]: SpongePowered MIXIN Subsystem Version=0.8.7 Source=file:/workspaces/su-maldita-madre/servidor_minecraft/libraries/net/fabricmc/sponge-mixin/0.16.5+mixin.0.8.7/sponge-mixin-0.16.5+mixin.0.8.7.jar Service=Knot/Fabric Env=SERVER
[20:01:29] [main/INFO]: Environment: Environment[sessionHost=https://sessionserver.mojang.com, servicesHost=https://api.minecraftservices.com, profilesHost=https://api.mojang.com, name=PROD]
[20:01:32] [main/INFO]: Loaded 1461 recipes
[20:01:32] [main/INFO]: Loaded 1574 advancements
[20:01:32] [Server thread/INFO]: Starting minecraft server version 1.21.10
[20:01:32] [Server thread/INFO]: Loading properties
[20:01:32] [Server thread/INFO]: Default game type: SURVIVAL
[20:01:32] [Server thread/INFO]: Generating keypair
[20:01:32] [Server thread/INFO]: Starting Minecraft server on *:25565
[20:01:32] [Server thread/INFO]: Using epoll channel type
[20:01:32] [Server thread/WARN]: **** SERVER IS RUNNING IN OFFLINE/INSECURE MODE!
[20:01:32] [Server thread/WARN]: The server will make no attempt to authenticate usernames. Beware.
[20:01:32] [Server thread/WARN]: While this makes the game possible to play without internet access, it also opens up the ability for hackers to connect with any username they choose.
[20:01:32] [Server thread/WARN]: To change this, set "online-mode" to "true" in the server.properties file.
[20:01:32] [Server thread/INFO]: Preparing level "world"
[20:01:33] [Server thread/INFO]: Loading 0 persistent chunks...
[20:01:33] [Server thread/INFO]: Preparing spawn area: 100%
[20:01:33] [Server thread/INFO]: Time elapsed: 20 ms
[20:01:33] [Server thread/INFO]: Done (0.413s)! For help, type "help"
[20:01:36] [Server thread/INFO]: Dxnz3l[/127.24.89.254:43855] logged in with entity id 50 at (253.7276259812932, 44.0, 2.379535501277257)
[20:01:36] [Server thread/INFO]: Dxnz3l joined the game
[20:09:10] [Server thread/WARN]: Mismatch in destroy block pos: class_2338{x=-11, y=52, z=-111} class_2338{x=-10, y=51, z=-111}
[20:12:55] [Server thread/WARN]: Mismatch in destroy block pos: class_2338{x=-18, y=46, z=-111} class_2338{x=-17, y=47, z=-111}
[20:12:55] [Server thread/WARN]: Mismatch in destroy block pos: class_2338{x=-18, y=46, z=-111} class_2338{x=-17, y=47, z=-111}
[20:12:56] [Server thread/WARN]: Mismatch in destroy block pos: class_2338{x=-14, y=50, z=-111} class_2338{x=-13, y=51, z=-111}
[20:12:57] [Server thread/WARN]: Mismatch in destroy block pos: class_2338{x=-12, y=52, z=-111} class_2338{x=-11, y=53, z=-111}
[20:13:00] [Server thread/WARN]: Mismatch in destroy block pos: class_2338{x=-9, y=55, z=-111} class_2338{x=-7, y=57, z=-111}
[20:13:01] [Server thread/WARN]: Mismatch in destroy block pos: class_2338{x=-6, y=58, z=-111} class_2338{x=-5, y=59, z=-111}
[20:13:02] [Server thread/WARN]: Mismatch in destroy block pos: class_2338{x=-4, y=60, z=-111} class_2338{x=-3, y=61, z=-111}
[20:54:25] [Server thread/INFO]: Dxnz3l lost connection: Timed out
[20:54:25] [Server thread/INFO]: Dxnz3l left the game
[20:54:25] [Server thread/WARN]: handleDisconnection() called twice
[20:54:29] [Server thread/INFO]: Dxnz3l[/127.164.109.122:34001] logged in with entity id 25874 at (251.84000217967187, 1.0, -3.5348492342489037)
[20:54:29] [Server thread/INFO]: Dxnz3l joined the game
[21:17:17] [Server thread/INFO]: Dxnz3l lost connection: Disconnected
[21:17:17] [Server thread/INFO]: Dxnz3l left the game
[21:18:17] [Server thread/INFO]: Server empty for 60 seconds, pausing
[21:27:25] [Server thread/INFO]: Dxnz3l[/127.164.109.122:35937] logged in with entity id 41108 at (7.246750286532878, 63.0, -919.8761844803795)
[21:27:25] [Server thread/INFO]: Dxnz3l joined the game
[21:28:49] [Server thread/WARN]: Dxnz3l moved wrongly!
[21:32:29] [Server thread/INFO]: Dxnz3l has made the advancement [Crafting a New Look]
[21:47:51] [Server thread/INFO]: Dxnz3l lost connection: Disconnected
[21:47:51] [Server thread/INFO]: Dxnz3l left the game
[21:47:54] [Server thread/INFO]: Dxnz3l[/127.164.109.122:43971] logged in with entity id 52516 at (14.844893147428866, 63.0, -926.4504643302159)
[21:47:54] [Server thread/INFO]: Dxnz3l joined the game
[21:56:04] [Server thread/WARN]: Mismatch in destroy block pos: class_2338{x=0, y=0, z=0} class_2338{x=-422, y=51, z=-2502}
[21:56:04] [Server thread/WARN]: Mismatch in destroy block pos: class_2338{x=0, y=0, z=0} class_2338{x=-422, y=51, z=-2502}
[22:02:13] [Server thread/INFO]: Dxnz3l lost connection: Disconnected
[22:02:13] [Server thread/INFO]: Dxnz3l left the game
[22:03:13] [Server thread/INFO]: Server empty for 60 seconds, pausing
[22:14:41] [Server thread/INFO]: Dxnz3l[/127.24.89.254:40893] logged in with entity id 67489 at (11.229464542982678, 64.0, -926.0642940512975)
[22:14:41] [Server thread/INFO]: Dxnz3l joined the game
[22:26:09] [Server thread/INFO]: Dxnz3l lost connection: Disconnected
[22:26:09] [Server thread/INFO]: Dxnz3l left the game
[22:27:09] [Server thread/INFO]: Server empty for 60 seconds, pausing
[22:27:22] [Server thread/INFO]: Dxnz3l[/127.164.109.122:53923] logged in with entity id 73509 at (-0.2068386688626113, 62.9375, -891.2691448034606)
[22:27:22] [Server thread/INFO]: Dxnz3l joined the game
[22:29:28] [Server thread/INFO]: Dxnz3l lost connection: Disconnected
[22:29:28] [Server thread/INFO]: Dxnz3l left the game
[22:30:28] [Server thread/INFO]: Server empty for 60 seconds, pausing
[22:31:53] [Server thread/INFO]: Dxnz3l[/127.24.89.254:42589] logged in with entity id 75064 at (29.69999998807907, 63.0, -1285.9437197935488)
[22:31:53] [Server thread/INFO]: Dxnz3l joined the game
[22:38:05] [Server thread/INFO]: Seed: [-4698684272844205100]
[22:44:58] [Server thread/INFO]: Dxnz3l lost connection: Disconnected
[22:44:58] [Server thread/INFO]: Dxnz3l left the game
[22:45:58] [Server thread/INFO]: Server empty for 60 seconds, pausing
[22:53:47] [Server thread/INFO]: Dxnz3l[/127.24.89.254:38205] logged in with entity id 80918 at (224.5593034051798, 119.16654831495993, -146.71253433644702)
[22:53:47] [Server thread/INFO]: Dxnz3l joined the game
[23:12:45] [Server thread/INFO]: Dxnz3l lost connection: Disconnected
[23:12:45] [Server thread/INFO]: Dxnz3l left the game
[23:13:45] [Server thread/INFO]: Server empty for 60 seconds, pausing
